<?xml version="1.0" encoding="UTF-8"?>
<testsuite xmlns:xsi="http://www.w3.org/2001/XMLSchema-instance" xsi:noNamespaceSchemaLocation="https://maven.apache.org/surefire/maven-surefire-plugin/xsd/surefire-test-report-3.0.xsd" version="3.0" name="net.democritus.wfe.WorkflowTimeTest" time="0.148" tests="4" errors="0" skipped="0" failures="0">
  <properties>
    <property name="java.specification.version" value="19"/>
    <property name="sun.jnu.encoding" value="UTF-8"/>
    <property name="java.class.path" value="/Users/beaudeclercq/Documents/GitHub/Thesis/OnlineCabBooking/expansions/OnlineCabBooking/components/workflow/logic/target/test-classes:/Users/beaudeclercq/Documents/GitHub/Thesis/OnlineCabBooking/expansions/OnlineCabBooking/components/workflow/logic/target/classes:/Users/beaudeclercq/Documents/GitHub/Thesis/OnlineCabBooking/expansions/OnlineCabBooking/components/workflow/shared/target/workflow-shared-1.0.jar:/Users/beaudeclercq/.m2/repository/net/democritus/nsx-shared-owasp/2022.1.0/nsx-shared-owasp-2022.1.0.jar:/Users/beaudeclercq/Documents/GitHub/Thesis/OnlineCabBooking/expansions/OnlineCabBooking/components/workflow/data/target/workflow-data-1.0.jar:/Users/beaudeclercq/Documents/GitHub/Thesis/OnlineCabBooking/expansions/OnlineCabBooking/components/account/data/target/account-data-1.0.jar:/Users/beaudeclercq/Documents/GitHub/Thesis/OnlineCabBooking/expansions/OnlineCabBooking/components/utils/data/target/utils-data-1.0.jar:/Users/beaudeclercq/Documents/GitHub/Thesis/OnlineCabBooking/expansions/OnlineCabBooking/components/validation/data/target/validation-data-1.0.jar:/Users/beaudeclercq/Documents/GitHub/Thesis/OnlineCabBooking/expansions/OnlineCabBooking/components/account/shared/target/account-shared-1.0.jar:/Users/beaudeclercq/Documents/GitHub/Thesis/OnlineCabBooking/expansions/OnlineCabBooking/components/utils/shared/target/utils-shared-1.0.jar:/Users/beaudeclercq/Documents/GitHub/Thesis/OnlineCabBooking/expansions/OnlineCabBooking/components/validation/shared/target/validation-shared-1.0.jar:/Users/beaudeclercq/Documents/GitHub/Thesis/OnlineCabBooking/expansions/OnlineCabBooking/components/account/proxy/target/account-proxy-1.0.jar:/Users/beaudeclercq/Documents/GitHub/Thesis/OnlineCabBooking/expansions/OnlineCabBooking/components/utils/proxy/target/utils-proxy-1.0.jar:/Users/beaudeclercq/Documents/GitHub/Thesis/OnlineCabBooking/expansions/OnlineCabBooking/components/validation/proxy/target/validation-proxy-1.0.jar:/Users/beaudeclercq/Documents/GitHub/Thesis/OnlineCabBooking/expansions/OnlineCabBooking/components/account/logic/target/account-logic-1.0.jar:/Users/beaudeclercq/Documents/GitHub/Thesis/OnlineCabBooking/expansions/OnlineCabBooking/components/utils/logic/target/utils-logic-1.0.jar:/Users/beaudeclercq/Documents/GitHub/Thesis/OnlineCabBooking/expansions/OnlineCabBooking/components/validation/logic/target/validation-logic-1.0.jar:/Users/beaudeclercq/.m2/repository/net/democritus/nsx-common/2022.1.0/nsx-common-2022.1.0.jar:/Users/beaudeclercq/.m2/repository/net/democritus/nsx-logging/2022.1.0/nsx-logging-2022.1.0.jar:/Users/beaudeclercq/.m2/repository/org/slf4j/slf4j-api/1.7.36/slf4j-api-1.7.36.jar:/Users/beaudeclercq/.m2/repository/net/democritus/nsx-shared-common/2022.1.0/nsx-shared-common-2022.1.0.jar:/Users/beaudeclercq/.m2/repository/net/democritus/nsx-contract-annotations/2022.1.0/nsx-contract-annotations-2022.1.0.jar:/Users/beaudeclercq/.m2/repository/net/democritus/nsx-shared-ref/2022.1.0/nsx-shared-ref-2022.1.0.jar:/Users/beaudeclercq/.m2/repository/junit/junit/4.13.2/junit-4.13.2.jar:/Users/beaudeclercq/.m2/repository/org/hamcrest/hamcrest-core/1.3/hamcrest-core-1.3.jar:/Users/beaudeclercq/.m2/repository/net/democritus/nsx-shared-ejb3/2022.1.0/nsx-shared-ejb3-2022.1.0.jar:/Users/beaudeclercq/.m2/repository/javax/javaee-api/7.0/javaee-api-7.0.jar:/Users/beaudeclercq/.m2/repository/com/sun/mail/javax.mail/1.5.0/javax.mail-1.5.0.jar:/Users/beaudeclercq/.m2/repository/javax/activation/activation/1.1/activation-1.1.jar:/Users/beaudeclercq/.m2/repository/net/democritus/nsx-shared-jpa/2022.1.0/nsx-shared-jpa-2022.1.0.jar:/Users/beaudeclercq/.m2/repository/net/democritus/nsx-shared-opencsv/2022.1.0/nsx-shared-opencsv-2022.1.0.jar:/Users/beaudeclercq/.m2/repository/com/opencsv/opencsv/5.6/opencsv-5.6.jar:/Users/beaudeclercq/.m2/repository/org/apache/commons/commons-lang3/3.12.0/commons-lang3-3.12.0.jar:/Users/beaudeclercq/.m2/repository/org/apache/commons/commons-text/1.9/commons-text-1.9.jar:/Users/beaudeclercq/.m2/repository/commons-beanutils/commons-beanutils/1.9.4/commons-beanutils-1.9.4.jar:/Users/beaudeclercq/.m2/repository/commons-logging/commons-logging/1.2/commons-logging-1.2.jar:/Users/beaudeclercq/.m2/repository/commons-collections/commons-collections/3.2.2/commons-collections-3.2.2.jar:/Users/beaudeclercq/.m2/repository/org/apache/commons/commons-collections4/4.4/commons-collections4-4.4.jar:"/>
    <property name="java.vm.vendor" value="Oracle Corporation"/>
    <property name="sun.arch.data.model" value="64"/>
    <property name="java.vendor.url" value="https://java.oracle.com/"/>
    <property name="os.name" value="Mac OS X"/>
    <property name="java.vm.specification.version" value="19"/>
    <property name="sun.java.launcher" value="SUN_STANDARD"/>
    <property name="user.country" value="BE"/>
    <property name="sun.boot.library.path" value="/Library/Java/JavaVirtualMachines/jdk-19.0.2.jdk/Contents/Home/lib"/>
    <property name="sun.java.command" value="/Users/beaudeclercq/Documents/GitHub/Thesis/OnlineCabBooking/expansions/OnlineCabBooking/components/workflow/logic/target/surefire/surefirebooter-20230519131652867_21.jar /Users/beaudeclercq/Documents/GitHub/Thesis/OnlineCabBooking/expansions/OnlineCabBooking/components/workflow/logic/target/surefire 2023-05-19T13-16-00_913-jvmRun1 surefire-20230519131652867_19tmp surefire_3-20230519131652867_20tmp"/>
    <property name="http.nonProxyHosts" value="local|*.local|169.254/16|*.169.254/16"/>
    <property name="jdk.debug" value="release"/>
    <property name="surefire.test.class.path" value="/Users/beaudeclercq/Documents/GitHub/Thesis/OnlineCabBooking/expansions/OnlineCabBooking/components/workflow/logic/target/test-classes:/Users/beaudeclercq/Documents/GitHub/Thesis/OnlineCabBooking/expansions/OnlineCabBooking/components/workflow/logic/target/classes:/Users/beaudeclercq/Documents/GitHub/Thesis/OnlineCabBooking/expansions/OnlineCabBooking/components/workflow/shared/target/workflow-shared-1.0.jar:/Users/beaudeclercq/.m2/repository/net/democritus/nsx-shared-owasp/2022.1.0/nsx-shared-owasp-2022.1.0.jar:/Users/beaudeclercq/Documents/GitHub/Thesis/OnlineCabBooking/expansions/OnlineCabBooking/components/workflow/data/target/workflow-data-1.0.jar:/Users/beaudeclercq/Documents/GitHub/Thesis/OnlineCabBooking/expansions/OnlineCabBooking/components/account/data/target/account-data-1.0.jar:/Users/beaudeclercq/Documents/GitHub/Thesis/OnlineCabBooking/expansions/OnlineCabBooking/components/utils/data/target/utils-data-1.0.jar:/Users/beaudeclercq/Documents/GitHub/Thesis/OnlineCabBooking/expansions/OnlineCabBooking/components/validation/data/target/validation-data-1.0.jar:/Users/beaudeclercq/Documents/GitHub/Thesis/OnlineCabBooking/expansions/OnlineCabBooking/components/account/shared/target/account-shared-1.0.jar:/Users/beaudeclercq/Documents/GitHub/Thesis/OnlineCabBooking/expansions/OnlineCabBooking/components/utils/shared/target/utils-shared-1.0.jar:/Users/beaudeclercq/Documents/GitHub/Thesis/OnlineCabBooking/expansions/OnlineCabBooking/components/validation/shared/target/validation-shared-1.0.jar:/Users/beaudeclercq/Documents/GitHub/Thesis/OnlineCabBooking/expansions/OnlineCabBooking/components/account/proxy/target/account-proxy-1.0.jar:/Users/beaudeclercq/Documents/GitHub/Thesis/OnlineCabBooking/expansions/OnlineCabBooking/components/utils/proxy/target/utils-proxy-1.0.jar:/Users/beaudeclercq/Documents/GitHub/Thesis/OnlineCabBooking/expansions/OnlineCabBooking/components/validation/proxy/target/validation-proxy-1.0.jar:/Users/beaudeclercq/Documents/GitHub/Thesis/OnlineCabBooking/expansions/OnlineCabBooking/components/account/logic/target/account-logic-1.0.jar:/Users/beaudeclercq/Documents/GitHub/Thesis/OnlineCabBooking/expansions/OnlineCabBooking/components/utils/logic/target/utils-logic-1.0.jar:/Users/beaudeclercq/Documents/GitHub/Thesis/OnlineCabBooking/expansions/OnlineCabBooking/components/validation/logic/target/validation-logic-1.0.jar:/Users/beaudeclercq/.m2/repository/net/democritus/nsx-common/2022.1.0/nsx-common-2022.1.0.jar:/Users/beaudeclercq/.m2/repository/net/democritus/nsx-logging/2022.1.0/nsx-logging-2022.1.0.jar:/Users/beaudeclercq/.m2/repository/org/slf4j/slf4j-api/1.7.36/slf4j-api-1.7.36.jar:/Users/beaudeclercq/.m2/repository/net/democritus/nsx-shared-common/2022.1.0/nsx-shared-common-2022.1.0.jar:/Users/beaudeclercq/.m2/repository/net/democritus/nsx-contract-annotations/2022.1.0/nsx-contract-annotations-2022.1.0.jar:/Users/beaudeclercq/.m2/repository/net/democritus/nsx-shared-ref/2022.1.0/nsx-shared-ref-2022.1.0.jar:/Users/beaudeclercq/.m2/repository/junit/junit/4.13.2/junit-4.13.2.jar:/Users/beaudeclercq/.m2/repository/org/hamcrest/hamcrest-core/1.3/hamcrest-core-1.3.jar:/Users/beaudeclercq/.m2/repository/net/democritus/nsx-shared-ejb3/2022.1.0/nsx-shared-ejb3-2022.1.0.jar:/Users/beaudeclercq/.m2/repository/javax/javaee-api/7.0/javaee-api-7.0.jar:/Users/beaudeclercq/.m2/repository/com/sun/mail/javax.mail/1.5.0/javax.mail-1.5.0.jar:/Users/beaudeclercq/.m2/repository/javax/activation/activation/1.1/activation-1.1.jar:/Users/beaudeclercq/.m2/repository/net/democritus/nsx-shared-jpa/2022.1.0/nsx-shared-jpa-2022.1.0.jar:/Users/beaudeclercq/.m2/repository/net/democritus/nsx-shared-opencsv/2022.1.0/nsx-shared-opencsv-2022.1.0.jar:/Users/beaudeclercq/.m2/repository/com/opencsv/opencsv/5.6/opencsv-5.6.jar:/Users/beaudeclercq/.m2/repository/org/apache/commons/commons-lang3/3.12.0/commons-lang3-3.12.0.jar:/Users/beaudeclercq/.m2/repository/org/apache/commons/commons-text/1.9/commons-text-1.9.jar:/Users/beaudeclercq/.m2/repository/commons-beanutils/commons-beanutils/1.9.4/commons-beanutils-1.9.4.jar:/Users/beaudeclercq/.m2/repository/commons-logging/commons-logging/1.2/commons-logging-1.2.jar:/Users/beaudeclercq/.m2/repository/commons-collections/commons-collections/3.2.2/commons-collections-3.2.2.jar:/Users/beaudeclercq/.m2/repository/org/apache/commons/commons-collections4/4.4/commons-collections4-4.4.jar:"/>
    <property name="sun.cpu.endian" value="little"/>
    <property name="user.home" value="/Users/beaudeclercq"/>
    <property name="user.language" value="en"/>
    <property name="java.specification.vendor" value="Oracle Corporation"/>
    <property name="java.version.date" value="2023-01-17"/>
    <property name="java.home" value="/Library/Java/JavaVirtualMachines/jdk-19.0.2.jdk/Contents/Home"/>
    <property name="file.separator" value="/"/>
    <property name="basedir" value="/Users/beaudeclercq/Documents/GitHub/Thesis/OnlineCabBooking/expansions/OnlineCabBooking/components/workflow/logic"/>
    <property name="java.vm.compressedOopsMode" value="Zero based"/>
    <property name="line.separator" value="&#10;"/>
    <property name="java.vm.specification.vendor" value="Oracle Corporation"/>
    <property name="java.specification.name" value="Java Platform API Specification"/>
    <property name="apple.awt.application.name" value="ForkedBooter"/>
    <property name="surefire.real.class.path" value="/Users/beaudeclercq/Documents/GitHub/Thesis/OnlineCabBooking/expansions/OnlineCabBooking/components/workflow/logic/target/surefire/surefirebooter-20230519131652867_21.jar"/>
    <property name="sun.management.compiler" value="HotSpot 64-Bit Tiered Compilers"/>
    <property name="ftp.nonProxyHosts" value="local|*.local|169.254/16|*.169.254/16"/>
    <property name="java.runtime.version" value="19.0.2+7-44"/>
    <property name="user.name" value="beaudeclercq"/>
    <property name="stdout.encoding" value="UTF-8"/>
    <property name="path.separator" value=":"/>
    <property name="os.version" value="13.3.1"/>
    <property name="java.runtime.name" value="OpenJDK Runtime Environment"/>
    <property name="file.encoding" value="UTF-8"/>
    <property name="java.vm.name" value="OpenJDK 64-Bit Server VM"/>
    <property name="localRepository" value="/Users/beaudeclercq/.m2/repository"/>
    <property name="java.vendor.url.bug" value="https://bugreport.java.com/bugreport/"/>
    <property name="java.io.tmpdir" value="/var/folders/j3/157sk4713hg8s48799s3gnpw0000gn/T/"/>
    <property name="java.version" value="19.0.2"/>
    <property name="user.dir" value="/Users/beaudeclercq/Documents/GitHub/Thesis/OnlineCabBooking/expansions/OnlineCabBooking/components/workflow/logic"/>
    <property name="os.arch" value="x86_64"/>
    <property name="java.vm.specification.name" value="Java Virtual Machine Specification"/>
    <property name="native.encoding" value="UTF-8"/>
    <property name="java.library.path" value="/Users/beaudeclercq/Library/Java/Extensions:/Library/Java/Extensions:/Network/Library/Java/Extensions:/System/Library/Java/Extensions:/usr/lib/java:."/>
    <property name="java.vm.info" value="mixed mode, sharing"/>
    <property name="stderr.encoding" value="UTF-8"/>
    <property name="java.vendor" value="Oracle Corporation"/>
    <property name="java.vm.version" value="19.0.2+7-44"/>
    <property name="sun.io.unicode.encoding" value="UnicodeBig"/>
    <property name="socksNonProxyHosts" value="local|*.local|169.254/16|*.169.254/16"/>
    <property name="java.class.version" value="63.0"/>
  </properties>
  <testcase name="minuteBeforeIsNotInTimeWindow" classname="net.democritus.wfe.WorkflowTimeTest" time="0.061"/>
  <testcase name="firstMinuteIsInTimeWindow" classname="net.democritus.wfe.WorkflowTimeTest" time="0.002"/>
  <testcase name="lastMinuteIsInTimeWindow" classname="net.democritus.wfe.WorkflowTimeTest" time="0.002"/>
  <testcase name="minuteAfterIsNotInTimeWindow" classname="net.democritus.wfe.WorkflowTimeTest" time="0.002"/>
</testsuite>