<?xml version="1.0" encoding="UTF-8"?>
<testsuite xmlns:xsi="http://www.w3.org/2001/XMLSchema-instance" xsi:noNamespaceSchemaLocation="https://maven.apache.org/surefire/maven-surefire-plugin/xsd/surefire-test-report-3.0.xsd" version="3.0" name="net.democritus.basic.IbanFieldValidatorTest" time="0.125" tests="4" errors="0" skipped="0" failures="0">
  <properties>
    <property name="java.specification.version" value="19"/>
    <property name="sun.jnu.encoding" value="UTF-8"/>
    <property name="java.class.path" value="/Users/beaudeclercq/Desktop/OnlineCabBooking/expansions/OnlineCabBooking/components/validation/shared/target/test-classes:/Users/beaudeclercq/Desktop/OnlineCabBooking/expansions/OnlineCabBooking/components/validation/shared/target/classes:/Users/beaudeclercq/.m2/repository/net/democritus/nsx-common/2022.1.0/nsx-common-2022.1.0.jar:/Users/beaudeclercq/.m2/repository/net/democritus/nsx-shared-common/2022.1.0/nsx-shared-common-2022.1.0.jar:/Users/beaudeclercq/.m2/repository/net/democritus/nsx-logging/2022.1.0/nsx-logging-2022.1.0.jar:/Users/beaudeclercq/.m2/repository/org/slf4j/slf4j-api/1.7.36/slf4j-api-1.7.36.jar:/Users/beaudeclercq/.m2/repository/net/democritus/nsx-contract-annotations/2022.1.0/nsx-contract-annotations-2022.1.0.jar:/Users/beaudeclercq/.m2/repository/net/democritus/nsx-shared-ref/2022.1.0/nsx-shared-ref-2022.1.0.jar:/Users/beaudeclercq/.m2/repository/net/democritus/nsx-shared-owasp/2022.1.0/nsx-shared-owasp-2022.1.0.jar:/Users/beaudeclercq/.m2/repository/junit/junit/4.13.2/junit-4.13.2.jar:/Users/beaudeclercq/.m2/repository/org/hamcrest/hamcrest-core/1.3/hamcrest-core-1.3.jar:/Users/beaudeclercq/Desktop/OnlineCabBooking/expansions/OnlineCabBooking/components/utils/shared/target/utils-shared-1.0.jar:"/>
    <property name="java.vm.vendor" value="Oracle Corporation"/>
    <property name="sun.arch.data.model" value="64"/>
    <property name="java.vendor.url" value="https://java.oracle.com/"/>
    <property name="user.timezone" value="Europe/Brussels"/>
    <property name="os.name" value="Mac OS X"/>
    <property name="java.vm.specification.version" value="19"/>
    <property name="sun.java.launcher" value="SUN_STANDARD"/>
    <property name="user.country" value="BE"/>
    <property name="sun.boot.library.path" value="/Library/Java/JavaVirtualMachines/jdk-19.0.2.jdk/Contents/Home/lib"/>
    <property name="sun.java.command" value="/Users/beaudeclercq/Desktop/OnlineCabBooking/expansions/OnlineCabBooking/components/validation/shared/target/surefire/surefirebooter-20230411131233423_6.jar /Users/beaudeclercq/Desktop/OnlineCabBooking/expansions/OnlineCabBooking/components/validation/shared/target/surefire 2023-04-11T13-12-17_916-jvmRun1 surefire-20230411131233423_4tmp surefire_1-20230411131233423_5tmp"/>
    <property name="http.nonProxyHosts" value="local|*.local|169.254/16|*.169.254/16"/>
    <property name="jdk.debug" value="release"/>
    <property name="surefire.test.class.path" value="/Users/beaudeclercq/Desktop/OnlineCabBooking/expansions/OnlineCabBooking/components/validation/shared/target/test-classes:/Users/beaudeclercq/Desktop/OnlineCabBooking/expansions/OnlineCabBooking/components/validation/shared/target/classes:/Users/beaudeclercq/.m2/repository/net/democritus/nsx-common/2022.1.0/nsx-common-2022.1.0.jar:/Users/beaudeclercq/.m2/repository/net/democritus/nsx-shared-common/2022.1.0/nsx-shared-common-2022.1.0.jar:/Users/beaudeclercq/.m2/repository/net/democritus/nsx-logging/2022.1.0/nsx-logging-2022.1.0.jar:/Users/beaudeclercq/.m2/repository/org/slf4j/slf4j-api/1.7.36/slf4j-api-1.7.36.jar:/Users/beaudeclercq/.m2/repository/net/democritus/nsx-contract-annotations/2022.1.0/nsx-contract-annotations-2022.1.0.jar:/Users/beaudeclercq/.m2/repository/net/democritus/nsx-shared-ref/2022.1.0/nsx-shared-ref-2022.1.0.jar:/Users/beaudeclercq/.m2/repository/net/democritus/nsx-shared-owasp/2022.1.0/nsx-shared-owasp-2022.1.0.jar:/Users/beaudeclercq/.m2/repository/junit/junit/4.13.2/junit-4.13.2.jar:/Users/beaudeclercq/.m2/repository/org/hamcrest/hamcrest-core/1.3/hamcrest-core-1.3.jar:/Users/beaudeclercq/Desktop/OnlineCabBooking/expansions/OnlineCabBooking/components/utils/shared/target/utils-shared-1.0.jar:"/>
    <property name="sun.cpu.endian" value="little"/>
    <property name="user.home" value="/Users/beaudeclercq"/>
    <property name="user.language" value="en"/>
    <property name="java.specification.vendor" value="Oracle Corporation"/>
    <property name="java.version.date" value="2023-01-17"/>
    <property name="java.home" value="/Library/Java/JavaVirtualMachines/jdk-19.0.2.jdk/Contents/Home"/>
    <property name="file.separator" value="/"/>
    <property name="basedir" value="/Users/beaudeclercq/Desktop/OnlineCabBooking/expansions/OnlineCabBooking/components/validation/shared"/>
    <property name="java.vm.compressedOopsMode" value="Zero based"/>
    <property name="line.separator" value="&#10;"/>
    <property name="java.vm.specification.vendor" value="Oracle Corporation"/>
    <property name="java.specification.name" value="Java Platform API Specification"/>
    <property name="apple.awt.application.name" value="ForkedBooter"/>
    <property name="surefire.real.class.path" value="/Users/beaudeclercq/Desktop/OnlineCabBooking/expansions/OnlineCabBooking/components/validation/shared/target/surefire/surefirebooter-20230411131233423_6.jar"/>
    <property name="sun.management.compiler" value="HotSpot 64-Bit Tiered Compilers"/>
    <property name="ftp.nonProxyHosts" value="local|*.local|169.254/16|*.169.254/16"/>
    <property name="java.runtime.version" value="19.0.2+7-44"/>
    <property name="user.name" value="beaudeclercq"/>
    <property name="stdout.encoding" value="UTF-8"/>
    <property name="path.separator" value=":"/>
    <property name="os.version" value="13.3.1"/>
    <property name="java.runtime.name" value="OpenJDK Runtime Environment"/>
    <property name="file.encoding" value="UTF-8"/>
    <property name="java.vm.name" value="OpenJDK 64-Bit Server VM"/>
    <property name="localRepository" value="/Users/beaudeclercq/.m2/repository"/>
    <property name="java.vendor.url.bug" value="https://bugreport.java.com/bugreport/"/>
    <property name="java.io.tmpdir" value="/var/folders/j3/157sk4713hg8s48799s3gnpw0000gn/T/"/>
    <property name="java.version" value="19.0.2"/>
    <property name="user.dir" value="/Users/beaudeclercq/Desktop/OnlineCabBooking/expansions/OnlineCabBooking/components/validation/shared"/>
    <property name="os.arch" value="x86_64"/>
    <property name="java.vm.specification.name" value="Java Virtual Machine Specification"/>
    <property name="native.encoding" value="UTF-8"/>
    <property name="java.library.path" value="/Users/beaudeclercq/Library/Java/Extensions:/Library/Java/Extensions:/Network/Library/Java/Extensions:/System/Library/Java/Extensions:/usr/lib/java:."/>
    <property name="java.vm.info" value="mixed mode, sharing"/>
    <property name="stderr.encoding" value="UTF-8"/>
    <property name="java.vendor" value="Oracle Corporation"/>
    <property name="java.vm.version" value="19.0.2+7-44"/>
    <property name="sun.io.unicode.encoding" value="UnicodeBig"/>
    <property name="socksNonProxyHosts" value="local|*.local|169.254/16|*.169.254/16"/>
    <property name="java.class.version" value="63.0"/>
  </properties>
  <testcase name="validate" classname="net.democritus.basic.IbanFieldValidatorTest" time="0">
    <system-out><![CDATA[validating IBAN NL44RABO0383580816
IBAN validation OK
]]></system-out>
  </testcase>
  <testcase name="validate_invalid" classname="net.democritus.basic.IbanFieldValidatorTest" time="0.001">
    <system-out><![CDATA[validating IBAN NL44RABO0383580817
problem with IBAN: Checksum is not correct
]]></system-out>
  </testcase>
  <testcase name="validate_null" classname="net.democritus.basic.IbanFieldValidatorTest" time="0.015"/>
  <testcase name="validate_empty" classname="net.democritus.basic.IbanFieldValidatorTest" time="0.107"/>
</testsuite>